4/18/2020 5:42:55 PM	This log contains information about the import schema operation into project 'ServersBackendDB' on computer 'DESKTOP-GA95C5Q' by user 'b2hin'.
4/18/2020 5:42:55 PM	Import of database schema has started.
4/18/2020 5:42:59 PM	Gathering database credentials
4/18/2020 5:42:59 PM	Gathering database options
4/18/2020 5:42:59 PM	Gathering users
4/18/2020 5:42:59 PM	Gathering roles
4/18/2020 5:42:59 PM	Gathering application roles
4/18/2020 5:42:59 PM	Gathering role memberships
4/18/2020 5:42:59 PM	Gathering filegroups
4/18/2020 5:42:59 PM	Gathering full-text catalogs
4/18/2020 5:42:59 PM	Gathering assemblies
4/18/2020 5:43:00 PM	Gathering certificates
4/18/2020 5:43:00 PM	Gathering asymmetric keys
4/18/2020 5:43:00 PM	Gathering symmetric keys
4/18/2020 5:43:00 PM	Gathering encrypted symmetric keys
4/18/2020 5:43:00 PM	Gathering schemas
4/18/2020 5:43:00 PM	Gathering XML schema collections
4/18/2020 5:43:00 PM	Gathering user-defined data types
4/18/2020 5:43:00 PM	Gathering user-defined types
4/18/2020 5:43:00 PM	Gathering table types
4/18/2020 5:43:00 PM	Gathering unique keys for table types
4/18/2020 5:43:00 PM	Gathering primary keys for table types
4/18/2020 5:43:00 PM	Gathering indexes for table types
4/18/2020 5:43:00 PM	Gathering check constraints for table types
4/18/2020 5:43:00 PM	Gathering default constraints for table types
4/18/2020 5:43:00 PM	Gathering partition functions
4/18/2020 5:43:00 PM	Gathering partition schemes
4/18/2020 5:43:00 PM	Gathering functions
4/18/2020 5:43:00 PM	Gathering encrypted functions
4/18/2020 5:43:00 PM	Gathering aggregates
4/18/2020 5:43:00 PM	Gathering procedures
4/18/2020 5:43:00 PM	Gathering encrypted procedures
4/18/2020 5:43:00 PM	Gathering tables
4/18/2020 5:43:00 PM	Gathering primary keys
4/18/2020 5:43:00 PM	Gathering unique constraints
4/18/2020 5:43:00 PM	Gathering foreign keys
4/18/2020 5:43:00 PM	Gathering default constraints
4/18/2020 5:43:00 PM	Gathering check constraints
4/18/2020 5:43:00 PM	Gathering views
4/18/2020 5:43:00 PM	Gathering encrypted views
4/18/2020 5:43:00 PM	Gathering indexes
4/18/2020 5:43:00 PM	Gathering statistics
4/18/2020 5:43:00 PM	Gathering full-text index stoplists
4/18/2020 5:43:00 PM	Gathering search property lists
4/18/2020 5:43:00 PM	Gathering search properties
4/18/2020 5:43:00 PM	Gathering full-text indexes
4/18/2020 5:43:00 PM	Gathering column store indexes
4/18/2020 5:43:00 PM	Gathering spatial indexes
4/18/2020 5:43:00 PM	Gathering XML indexes
4/18/2020 5:43:00 PM	Gathering Selective XML indexes
4/18/2020 5:43:00 PM	Gathering encrypted triggers
4/18/2020 5:43:00 PM	Gathering triggers
4/18/2020 5:43:00 PM	Gathering encrypted and clr ddl triggers
4/18/2020 5:43:00 PM	Gathering ddl triggers
4/18/2020 5:43:00 PM	Gathering synonyms
4/18/2020 5:43:00 PM	Gathering defaults
4/18/2020 5:43:00 PM	Gathering data constraint uddt bindings
4/18/2020 5:43:01 PM	Gathering rules
4/18/2020 5:43:01 PM	Gathering data constraint uddt bindings
4/18/2020 5:43:01 PM	Gathering message types
4/18/2020 5:43:01 PM	Gathering queues
4/18/2020 5:43:01 PM	Gathering contracts
4/18/2020 5:43:01 PM	Gathering services
4/18/2020 5:43:01 PM	Gathering event notifications
4/18/2020 5:43:01 PM	Gathering remote service bindings
4/18/2020 5:43:01 PM	Gathering broker priorities
4/18/2020 5:43:01 PM	Gathering signatures
4/18/2020 5:43:01 PM	Gathering data compression options
4/18/2020 5:43:01 PM	Gathering sequence types
4/18/2020 5:43:01 PM	Gathering security policies
4/18/2020 5:43:01 PM	Gather column encryption keys
4/18/2020 5:43:01 PM	Gathering column master keys
4/18/2020 5:43:01 PM	Gathering external data sources
4/18/2020 5:43:01 PM	Gathering external file formats
4/18/2020 5:43:01 PM	Gathering external tables
4/18/2020 5:43:01 PM	Gathering extended properties
4/18/2020 5:43:01 PM	Gathering credentials
4/18/2020 5:43:01 PM	Gathering logins
4/18/2020 5:43:01 PM	Gathering server audits
4/18/2020 5:43:01 PM	Scanning project for duplicate elements
4/18/2020 5:43:01 PM	Finished duplicate element processing
4/18/2020 5:43:02 PM	Finished importing database.
4/18/2020 5:43:02 PM	A summary of the import was saved to the following location: C:\Users\b2hin\Documents\GitRepos\DeveloperConsole\DeveloperConsole\ServersBackendDB\Import Schema Logs\ServersBackendDB_20200418094255.log
4/18/2020 5:43:02 PM	Click Finish to continue...
